<?xml version="1.0" encoding="UTF-8"?><testrun duration="8" footerText="Generated by IntelliJ IDEA on 18-4-27 ÏÂÎç3:43" name="ApplicationTests.sendTemplateMail">
    <count name="total" value="1"/>
    <count name="error" value="1"/>
    <config nameIsGenerated="true" configId="JUnit" name="ApplicationTests.sendTemplateMail">
        <extension name="coverage" enabled="false" merge="false" sample_coverage="true" runner="idea">
            <pattern>
                <option name="PATTERN" value="com.wuhaozz.*"/>
                <option name="ENABLED" value="true"/>
            </pattern>
        </extension>
        <module name="Chapter4-5-1"/>
        <option name="ALTERNATIVE_JRE_PATH_ENABLED" value="false"/>
        <option name="ALTERNATIVE_JRE_PATH"/>
        <option name="PACKAGE_NAME" value="com.wuhaozz"/>
        <option name="MAIN_CLASS_NAME" value="com.wuhaozz.ApplicationTests"/>
        <option name="METHOD_NAME" value="sendTemplateMail"/>
        <option name="TEST_OBJECT" value="method"/>
        <option name="VM_PARAMETERS" value="-ea"/>
        <option name="PARAMETERS"/>
        <option name="WORKING_DIRECTORY" value="$MODULE_DIR$"/>
        <option name="ENV_VARIABLES"/>
        <option name="PASS_PARENT_ENVS" value="true"/>
        <option name="TEST_SEARCH_SCOPE">
            <value defaultName="singleModule"/>
        </option>
        <envs/>
        <patterns/>
    </config>
    <root name="ApplicationTests" comment="com.wuhaozz" location="java:suite://com.wuhaozz.ApplicationTests">
        <output type="stderr">      Did not match:
         - @ConditionalOnClass did not find required class &amp;#39;org.springframework.web.reactive.DispatcherHandler&amp;#39; (OnClassCondition)
   HypermediaAutoConfiguration:
      Did not match:
         - @ConditionalOnClass did not find required classes &amp;#39;org.springframework.hateoas.Resource&amp;#39;, &amp;#39;org.springframework.plugin.core.Plugin&amp;#39; (OnClassCondition)
   InfinispanCacheConfiguration:
      Did not match:
         - @ConditionalOnClass did not find required class &amp;#39;org.infinispan.spring.provider.SpringEmbeddedCacheManager&amp;#39; (OnClassCondition)
   InfluxDbAutoConfiguration:
      Did not match:
         - @ConditionalOnClass did not find required class &amp;#39;org.influxdb.InfluxDB&amp;#39; (OnClassCondition)
   IntegrationAutoConfiguration:
      Did not match:
         - @ConditionalOnClass did not find required class &amp;#39;org.springframework.integration.config.EnableIntegration&amp;#39; (OnClassCondition)
   JCacheCacheConfiguration:
      Did not match:
         - @ConditionalOnClass did not find required class &amp;#39;javax.cache.Caching&amp;#39; (OnClassCondition)
   JacksonAutoConfiguration.JodaDateTimeJacksonConfiguration:
      Did not match:
         - @ConditionalOnClass did not find required classes &amp;#39;org.joda.time.DateTime&amp;#39;, &amp;#39;com.fasterxml.jackson.datatype.joda.ser.DateTimeSerializer&amp;#39;, &amp;#39;com.fasterxml.jackson.datatype.joda.cfg.JacksonJodaDateFormat&amp;#39; (OnClassCondition)
   JacksonHttpMessageConvertersConfiguration.MappingJackson2XmlHttpMessageConverterConfiguration:
      Did not match:
         - @ConditionalOnClass did not find required class &amp;#39;com.fasterxml.jackson.dataformat.xml.XmlMapper&amp;#39; (OnClassCondition)
   JdbcTemplateAutoConfiguration:
      Did not match:
         - @ConditionalOnClass did not find required class &amp;#39;org.springframework.jdbc.core.JdbcTemplate&amp;#39; (OnClassCondition)
   JerseyAutoConfiguration:
      Did not match:
         - @ConditionalOnClass did not find required class &amp;#39;org.glassfish.jersey.server.spring.SpringComponentProvider&amp;#39; (OnClassCondition)
   JestAutoConfiguration:
      Did not match:
         - @ConditionalOnClass did not find required class &amp;#39;io.searchbox.client.JestClient&amp;#39; (OnClassCondition)
   JmsAutoConfiguration:
      Did not match:
         - @ConditionalOnClass did not find required classes &amp;#39;javax.jms.Message&amp;#39;, &amp;#39;org.springframework.jms.core.JmsTemplate&amp;#39; (OnClassCondition)
   JmxAutoConfiguration:
      Did not match:
         - @ConditionalOnProperty (spring.jmx.enabled=true) found different value in property &amp;#39;enabled&amp;#39; (OnPropertyCondition)
      Matched:
         - @ConditionalOnClass found required class &amp;#39;org.springframework.jmx.export.MBeanExporter&amp;#39;; @ConditionalOnMissingClass did not find unwanted class (OnClassCondition)
   JndiConnectionFactoryAutoConfiguration:
      Did not match:
         - @ConditionalOnClass did not find required class &amp;#39;org.springframework.jms.core.JmsTemplate&amp;#39; (OnClassCondition)
   JndiDataSourceAutoConfiguration:
      Did not match:
         - @ConditionalOnClass did not find required class &amp;#39;org.springframework.jdbc.datasource.embedded.EmbeddedDatabaseType&amp;#39; (OnClassCondition)
   JndiSessionConfiguration:
      Did not match:
         - @ConditionalOnProperty (spring.mail.jndi-name) did not find property &amp;#39;jndi-name&amp;#39; (OnPropertyCondition)
      Matched:
         - @ConditionalOnClass found required class &amp;#39;javax.mail.Session&amp;#39;; @ConditionalOnMissingClass did not find unwanted class (OnClassCondition)
   JooqAutoConfiguration:
      Did not match:
         - @ConditionalOnClass did not find required class &amp;#39;org.jooq.DSLContext&amp;#39; (OnClassCondition)
   JpaRepositoriesAutoConfiguration:
      Did not match:
         - @ConditionalOnClass did not find required class &amp;#39;org.springframework.data.jpa.repository.JpaRepository&amp;#39; (OnClassCondition)
   JsonbAutoConfiguration:
      Did not match:
         - @ConditionalOnClass did not find required class &amp;#39;javax.json.bind.Jsonb&amp;#39; (OnClassCondition)
   JsonbHttpMessageConvertersConfiguration:
      Did not match:
         - @ConditionalOnClass did not find required class &amp;#39;javax.json.bind.Jsonb&amp;#39; (OnClassCondition)
   JtaAutoConfiguration:
      Did not match:
         - @ConditionalOnClass did not find required class &amp;#39;javax.transaction.Transaction&amp;#39; (OnClassCondition)
   KafkaAutoConfiguration:
      Did not match:
         - @ConditionalOnClass did not find required class &amp;#39;org.springframework.kafka.core.KafkaTemplate&amp;#39; (OnClassCondition)
   LdapAutoConfiguration:
      Did not match:
         - @ConditionalOnClass did not find required class &amp;#39;org.springframework.ldap.core.ContextSource&amp;#39; (OnClassCondition)
   LdapDataAutoConfiguration:
      Did not match:
         - @ConditionalOnClass did not find required class &amp;#39;org.springframework.data.ldap.repository.LdapRepository&amp;#39; (OnClassCondition)
   LdapRepositoriesAutoConfiguration:
      Did not match:
         - @ConditionalOnClass did not find required class &amp;#39;org.springframework.data.ldap.repository.LdapRepository&amp;#39; (OnClassCondition)
   LiquibaseAutoConfiguration:
      Did not match:
         - @ConditionalOnClass did not find required classes &amp;#39;liquibase.integration.spring.SpringLiquibase&amp;#39;, &amp;#39;liquibase.change.DatabaseChange&amp;#39; (OnClassCondition)
   MailSenderValidatorAutoConfiguration:
      Did not match:
         - @ConditionalOnProperty (spring.mail.test-connection) did not find property &amp;#39;test-connection&amp;#39; (OnPropertyCondition)
   MessageSourceAutoConfiguration:
      Did not match:
         - ResourceBundle did not find bundle with basename messages (MessageSourceAutoConfiguration.ResourceBundleCondition)
   MongoAutoConfiguration:
      Did not match:
         - @ConditionalOnClass did not find required class &amp;#39;com.mongodb.MongoClient&amp;#39; (OnClassCondition)
   MongoDataAutoConfiguration:
      Did not match:
         - @ConditionalOnClass did not find required classes &amp;#39;com.mongodb.MongoClient&amp;#39;, &amp;#39;org.springframework.data.mongodb.core.MongoTemplate&amp;#39; (OnClassCondition)
   MongoReactiveAutoConfiguration:
      Did not match:
         - @ConditionalOnClass did not find required class &amp;#39;com.mongodb.reactivestreams.client.MongoClient&amp;#39; (OnClassCondition)
   MongoReactiveDataAutoConfiguration:
      Did not match:
         - @ConditionalOnClass did not find required classes &amp;#39;com.mongodb.reactivestreams.client.MongoClient&amp;#39;, &amp;#39;org.springframework.data.mongodb.core.ReactiveMongoTemplate&amp;#39; (OnClassCondition)
   MongoReactiveRepositoriesAutoConfiguration:
      Did not match:
         - @ConditionalOnClass did not find required classes &amp;#39;com.mongodb.reactivestreams.client.MongoClient&amp;#39;, &amp;#39;org.springframework.data.mongodb.repository.ReactiveMongoRepository&amp;#39; (OnClassCondition)
   MongoRepositoriesAutoConfiguration:
      Did not match:
         - @ConditionalOnClass did not find required classes &amp;#39;com.mongodb.MongoClient&amp;#39;, &amp;#39;org.springframework.data.mongodb.repository.MongoRepository&amp;#39; (OnClassCondition)
   MustacheAutoConfiguration:
      Did not match:
         - @ConditionalOnClass did not find required class &amp;#39;com.samskivert.mustache.Mustache&amp;#39; (OnClassCondition)
   Neo4jDataAutoConfiguration:
      Did not match:
         - @ConditionalOnClass did not find required classes &amp;#39;org.neo4j.ogm.session.SessionFactory&amp;#39;, &amp;#39;org.springframework.data.neo4j.transaction.Neo4jTransactionManager&amp;#39;, &amp;#39;org.springframework.transaction.PlatformTransactionManager&amp;#39; (OnClassCondition)
   Neo4jRepositoriesAutoConfiguration:
      Did not match:
         - @ConditionalOnClass did not find required classes &amp;#39;org.neo4j.ogm.session.Neo4jSession&amp;#39;, &amp;#39;org.springframework.data.neo4j.repository.Neo4jRepository&amp;#39; (OnClassCondition)
   OAuth2ClientAutoConfiguration:
      Did not match:
         - @ConditionalOnClass did not find required classes &amp;#39;org.springframework.security.config.annotation.web.configuration.EnableWebSecurity&amp;#39;, &amp;#39;org.springframework.security.oauth2.client.registration.ClientRegistration&amp;#39; (OnClassCondition)
   PersistenceExceptionTranslationAutoConfiguration:
      Did not match:
         - @ConditionalOnClass did not find required class &amp;#39;org.springframework.dao.annotation.PersistenceExceptionTranslationPostProcessor&amp;#39; (OnClassCondition)
   ProjectInfoAutoConfiguration#buildProperties:
      Did not match:
         - @ConditionalOnResource did not find resource &amp;#39;${spring.info.build.location:classpath:META-INF/build-info.properties}&amp;#39; (OnResourceCondition)
   ProjectInfoAutoConfiguration#gitProperties:
      Did not match:
         - GitResource did not find git info at classpath:git.properties (ProjectInfoAutoConfiguration.GitResourceAvailableCondition)
   QuartzAutoConfiguration:
      Did not match:
         - @ConditionalOnClass did not find required classes &amp;#39;org.quartz.Scheduler&amp;#39;, &amp;#39;org.springframework.transaction.PlatformTransactionManager&amp;#39; (OnClassCondition)
   RabbitAutoConfiguration:
      Did not match:
         - @ConditionalOnClass did not find required classes &amp;#39;org.springframework.amqp.rabbit.core.RabbitTemplate&amp;#39;, &amp;#39;com.rabbitmq.client.Channel&amp;#39; (OnClassCondition)
   ReactiveUserDetailsServiceAutoConfiguration:
      Did not match:
         - @ConditionalOnClass did not find required class &amp;#39;org.springframework.security.authentication.ReactiveAuthenticationManager&amp;#39; (OnClassCondition)
   ReactiveWebServerFactoryAutoConfiguration:
      Did not match:
         - not a reactive web application (OnWebApplicationCondition)
      Matched:
         - @ConditionalOnClass found required class &amp;#39;org.springframework.http.ReactiveHttpInputMessage&amp;#39;; @ConditionalOnMissingClass did not find unwanted class (OnClassCondition)
   ReactorCoreAutoConfiguration:
      Did not match:
         - @ConditionalOnClass did not find required classes &amp;#39;reactor.core.publisher.Mono&amp;#39;, &amp;#39;reactor.core.publisher.Flux&amp;#39; (OnClassCondition)
   RedisAutoConfiguration:
      Did not match:
         - @ConditionalOnClass did not find required class &amp;#39;org.springframework.data.redis.core.RedisOperations&amp;#39; (OnClassCondition)
   RedisReactiveAutoConfiguration:
      Did not match:
         - @ConditionalOnClass did not find required classes &amp;#39;org.springframework.data.redis.connection.ReactiveRedisConnectionFactory&amp;#39;, &amp;#39;org.springframework.data.redis.core.ReactiveRedisTemplate&amp;#39;, &amp;#39;reactor.core.publisher.Flux&amp;#39; (OnClassCondition)
   RedisRepositoriesAutoConfiguration:
      Did not match:
         - @ConditionalOnClass did not find required class &amp;#39;org.springframework.data.redis.repository.configuration.EnableRedisRepositories&amp;#39; (OnClassCondition)
   RepositoryRestMvcAutoConfiguration:
      Did not match:
         - @ConditionalOnClass did not find required class &amp;#39;org.springframework.data.rest.webmvc.config.RepositoryRestMvcConfiguration&amp;#39; (OnClassCondition)
   SecurityAutoConfiguration:
      Did not match:
         - @ConditionalOnClass did not find required class &amp;#39;org.springframework.security.authentication.DefaultAuthenticationEventPublisher&amp;#39; (OnClassCondition)
   SecurityFilterAutoConfiguration:
      Did not match:
         - @ConditionalOnClass did not find required classes &amp;#39;org.springframework.security.web.context.AbstractSecurityWebApplicationInitializer&amp;#39;, &amp;#39;org.springframework.security.config.http.SessionCreationPolicy&amp;#39; (OnClassCondition)
   SendGridAutoConfiguration:
      Did not match:
         - @ConditionalOnClass did not find required class &amp;#39;com.sendgrid.SendGrid&amp;#39; (OnClassCondition)
   ServletWebServerFactoryConfiguration.EmbeddedJetty:
      Did not match:
         - @ConditionalOnClass did not find required classes &amp;#39;org.eclipse.jetty.server.Server&amp;#39;, &amp;#39;org.eclipse.jetty.util.Loader&amp;#39;, &amp;#39;org.eclipse.jetty.webapp.WebAppContext&amp;#39; (OnClassCondition)
   ServletWebServerFactoryConfiguration.EmbeddedUndertow:
      Did not match:
         - @ConditionalOnClass did not find required classes &amp;#39;io.undertow.Undertow&amp;#39;, &amp;#39;org.xnio.SslClientAuthMode&amp;#39; (OnClassCondition)
   SessionAutoConfiguration:
      Did not match:
         - @ConditionalOnClass did not find required class &amp;#39;org.springframework.session.Session&amp;#39; (OnClassCondition)
   SolrAutoConfiguration:
      Did not match:
         - @ConditionalOnClass did not find required classes &amp;#39;org.apache.solr.client.solrj.impl.HttpSolrClient&amp;#39;, &amp;#39;org.apache.solr.client.solrj.impl.CloudSolrClient&amp;#39; (OnClassCondition)
   SolrRepositoriesAutoConfiguration:
      Did not match:
         - @ConditionalOnClass did not find required classes &amp;#39;org.apache.solr.client.solrj.SolrClient&amp;#39;, &amp;#39;org.springframework.data.solr.repository.SolrRepository&amp;#39; (OnClassCondition)
   SpringApplicationAdminJmxAutoConfiguration:
      Did not match:
         - @ConditionalOnProperty (spring.application.admin.enabled=true) did not find property &amp;#39;enabled&amp;#39; (OnPropertyCondition)
   SpringDataWebAutoConfiguration:
      Did not match:
         - @ConditionalOnClass did not find required class &amp;#39;org.springframework.data.web.PageableHandlerMethodArgumentResolver&amp;#39; (OnClassCondition)
   ThymeleafAutoConfiguration:
      Did not match:
         - @ConditionalOnClass did not find required class &amp;#39;org.thymeleaf.templatemode.TemplateMode&amp;#39; (OnClassCondition)
   TransactionAutoConfiguration:
      Did not match:
         - @ConditionalOnClass did not find required class &amp;#39;org.springframework.transaction.PlatformTransactionManager&amp;#39; (OnClassCondition)
   UserDetailsServiceAutoConfiguration:
      Did not match:
         - @ConditionalOnClass did not find required class &amp;#39;org.springframework.security.authentication.AuthenticationManager&amp;#39; (OnClassCondition)
   WebClientAutoConfiguration:
      Did not match:
         - @ConditionalOnClass did not find required class &amp;#39;org.springframework.web.reactive.function.client.WebClient&amp;#39; (OnClassCondition)
   WebFluxAutoConfiguration:
      Did not match:
         - @ConditionalOnClass did not find required class &amp;#39;org.springframework.web.reactive.config.WebFluxConfigurer&amp;#39; (OnClassCondition)
   WebFluxSecurityConfiguration:
      Did not match:
         - @ConditionalOnClass did not find required classes &amp;#39;org.springframework.security.config.annotation.web.reactive.EnableWebFluxSecurity&amp;#39;, &amp;#39;org.springframework.security.web.server.WebFilterChainProxy&amp;#39; (OnClassCondition)
   WebMvcAutoConfiguration.ResourceChainCustomizerConfiguration:
      Did not match:
         - @ConditionalOnEnabledResourceChain did not find class org.webjars.WebJarAssetLocator (OnEnabledResourceChainCondition)
   WebMvcAutoConfiguration.WebMvcAutoConfigurationAdapter#beanNameViewResolver:
      Did not match:
         - @ConditionalOnMissingBean (types: org.springframework.web.servlet.view.BeanNameViewResolver; SearchStrategy: all) found beans of type &amp;#39;org.springframework.web.servlet.view.BeanNameViewResolver&amp;#39; beanNameViewResolver (OnBeanCondition)
   WebMvcAutoConfiguration.WebMvcAutoConfigurationAdapter#localeResolver:
      Did not match:
         - @ConditionalOnProperty (spring.mvc.locale) did not find property &amp;#39;locale&amp;#39; (OnPropertyCondition)
   WebServicesAutoConfiguration:
      Did not match:
         - @ConditionalOnClass did not find required class &amp;#39;org.springframework.ws.transport.http.MessageDispatcherServlet&amp;#39; (OnClassCondition)
   WebSocketMessagingAutoConfiguration:
      Did not match:
         - @ConditionalOnClass did not find required class &amp;#39;org.springframework.web.socket.config.annotation.WebSocketMessageBrokerConfigurer&amp;#39; (OnClassCondition)
   WebSocketReactiveAutoConfiguration:
      Did not match:
         - not a reactive web application (OnWebApplicationCondition)
      Matched:
         - @ConditionalOnClass found required classes &amp;#39;javax.servlet.Servlet&amp;#39;, &amp;#39;javax.websocket.server.ServerContainer&amp;#39;; @ConditionalOnMissingClass did not find unwanted class (OnClassCondition)
   WebSocketServletAutoConfiguration.JettyWebSocketConfiguration:
      Did not match:
         - @ConditionalOnClass did not find required class &amp;#39;org.eclipse.jetty.websocket.jsr356.server.deploy.WebSocketServerContainerInitializer&amp;#39; (OnClassCondition)
   WebSocketServletAutoConfiguration.UndertowWebSocketConfiguration:
      Did not match:
         - @ConditionalOnClass did not find required class &amp;#39;io.undertow.websockets.jsr.Bootstrap&amp;#39; (OnClassCondition)
   XADataSourceAutoConfiguration:
      Did not match:
         - @ConditionalOnClass did not find required classes &amp;#39;javax.transaction.TransactionManager&amp;#39;, &amp;#39;org.springframework.jdbc.datasource.embedded.EmbeddedDatabaseType&amp;#39; (OnClassCondition)
Exclusions:
-----------
    None
Unconditional classes:
----------------------
    org.springframework.boot.autoconfigure.context.PropertyPlaceholderAutoConfiguration
    org.springframework.boot.autoconfigure.web.embedded.EmbeddedWebServerFactoryCustomizerAutoConfiguration
    org.springframework.boot.autoconfigure.security.reactive.ReactiveSecurityAutoConfiguration
    org.springframework.boot.autoconfigure.context.ConfigurationPropertiesAutoConfiguration
    org.springframework.boot.autoconfigure.info.ProjectInfoAutoConfiguration
</output>
        <output type="stdout">2018-04-27 15:43:06.632 ERROR 5316 --- [           main] o.s.test.context.TestContextManager      : Caught exception while allowing TestExecutionListener [org.springframework.boot.test.autoconfigure.SpringBootDependencyInjectionTestExecutionListener@3c19aaa5] to prepare test instance [com.wuhaozz.ApplicationTests@1d3e6d34]
org.springframework.beans.factory.UnsatisfiedDependencyException: Error creating bean with name &amp;#39;com.wuhaozz.ApplicationTests&amp;#39;: Unsatisfied dependency expressed through field &amp;#39;velocityEngine&amp;#39;; nested exception is org.springframework.beans.factory.NoSuchBeanDefinitionException: No qualifying bean of type &amp;#39;org.apache.velocity.app.VelocityEngine&amp;#39; available: expected at least 1 bean which qualifies as autowire candidate. Dependency annotations: {@org.springframework.beans.factory.annotation.Autowired(required=true)}
	at org.springframework.beans.factory.annotation.AutowiredAnnotationBeanPostProcessor$AutowiredFieldElement.inject(AutowiredAnnotationBeanPostProcessor.java:587) ~[spring-beans-5.0.5.RELEASE.jar:5.0.5.RELEASE]
	at org.springframework.beans.factory.annotation.InjectionMetadata.inject(InjectionMetadata.java:91) ~[spring-beans-5.0.5.RELEASE.jar:5.0.5.RELEASE]
	at org.springframework.beans.factory.annotation.AutowiredAnnotationBeanPostProcessor.postProcessPropertyValues(AutowiredAnnotationBeanPostProcessor.java:373) ~[spring-beans-5.0.5.RELEASE.jar:5.0.5.RELEASE]
	at org.springframework.beans.factory.support.AbstractAutowireCapableBeanFactory.populateBean(AbstractAutowireCapableBeanFactory.java:1344) ~[spring-beans-5.0.5.RELEASE.jar:5.0.5.RELEASE]
	at org.springframework.beans.factory.support.AbstractAutowireCapableBeanFactory.autowireBeanProperties(AbstractAutowireCapableBeanFactory.java:399) ~[spring-beans-5.0.5.RELEASE.jar:5.0.5.RELEASE]
	at org.springframework.test.context.support.DependencyInjectionTestExecutionListener.injectDependencies(DependencyInjectionTestExecutionListener.java:118) ~[spring-test-5.0.5.RELEASE.jar:5.0.5.RELEASE]
	at org.springframework.test.context.support.DependencyInjectionTestExecutionListener.prepareTestInstance(DependencyInjectionTestExecutionListener.java:83) ~[spring-test-5.0.5.RELEASE.jar:5.0.5.RELEASE]
	at org.springframework.boot.test.autoconfigure.SpringBootDependencyInjectionTestExecutionListener.prepareTestInstance(SpringBootDependencyInjectionTestExecutionListener.java:44) ~[spring-boot-test-autoconfigure-2.0.1.RELEASE.jar:2.0.1.RELEASE]
	at org.springframework.test.context.TestContextManager.prepareTestInstance(TestContextManager.java:246) ~[spring-test-5.0.5.RELEASE.jar:5.0.5.RELEASE]
	at org.springframework.test.context.junit4.SpringJUnit4ClassRunner.createTest(SpringJUnit4ClassRunner.java:227) [spring-test-5.0.5.RELEASE.jar:5.0.5.RELEASE]
	at org.springframework.test.context.junit4.SpringJUnit4ClassRunner$1.runReflectiveCall(SpringJUnit4ClassRunner.java:289) [spring-test-5.0.5.RELEASE.jar:5.0.5.RELEASE]
	at org.junit.internal.runners.model.ReflectiveCallable.run(ReflectiveCallable.java:12) [junit-4.12.jar:4.12]
	at org.springframework.test.context.junit4.SpringJUnit4ClassRunner.methodBlock(SpringJUnit4ClassRunner.java:291) [spring-test-5.0.5.RELEASE.jar:5.0.5.RELEASE]
	at org.springframework.test.context.junit4.SpringJUnit4ClassRunner.runChild(SpringJUnit4ClassRunner.java:246) [spring-test-5.0.5.RELEASE.jar:5.0.5.RELEASE]
	at org.springframework.test.context.junit4.SpringJUnit4ClassRunner.runChild(SpringJUnit4ClassRunner.java:97) [spring-test-5.0.5.RELEASE.jar:5.0.5.RELEASE]
	at org.junit.runners.ParentRunner$3.run(ParentRunner.java:290) [junit-4.12.jar:4.12]
	at org.junit.runners.ParentRunner$1.schedule(ParentRunner.java:71) [junit-4.12.jar:4.12]
	at org.junit.runners.ParentRunner.runChildren(ParentRunner.java:288) [junit-4.12.jar:4.12]
	at org.junit.runners.ParentRunner.access$000(ParentRunner.java:58) [junit-4.12.jar:4.12]
	at org.junit.runners.ParentRunner$2.evaluate(ParentRunner.java:268) [junit-4.12.jar:4.12]
	at org.springframework.test.context.junit4.statements.RunBeforeTestClassCallbacks.evaluate(RunBeforeTestClassCallbacks.java:61) [spring-test-5.0.5.RELEASE.jar:5.0.5.RELEASE]
	at org.springframework.test.context.junit4.statements.RunAfterTestClassCallbacks.evaluate(RunAfterTestClassCallbacks.java:70) [spring-test-5.0.5.RELEASE.jar:5.0.5.RELEASE]
	at org.junit.runners.ParentRunner.run(ParentRunner.java:363) [junit-4.12.jar:4.12]
	at org.springframework.test.context.junit4.SpringJUnit4ClassRunner.run(SpringJUnit4ClassRunner.java:190) [spring-test-5.0.5.RELEASE.jar:5.0.5.RELEASE]
	at org.junit.runner.JUnitCore.run(JUnitCore.java:137) [junit-4.12.jar:4.12]
	at com.intellij.junit4.JUnit4IdeaTestRunner.startRunnerWithArgs(JUnit4IdeaTestRunner.java:68) [junit-rt.jar:na]
	at com.intellij.rt.execution.junit.IdeaTestRunner$Repeater.startRunnerWithArgs(IdeaTestRunner.java:47) [junit-rt.jar:na]
	at com.intellij.rt.execution.junit.JUnitStarter.prepareStreamsAndStart(JUnitStarter.java:242) [junit-rt.jar:na]
	at com.intellij.rt.execution.junit.JUnitStarter.main(JUnitStarter.java:70) [junit-rt.jar:na]
Caused by: org.springframework.beans.factory.NoSuchBeanDefinitionException: No qualifying bean of type &amp;#39;org.apache.velocity.app.VelocityEngine&amp;#39; available: expected at least 1 bean which qualifies as autowire candidate. Dependency annotations: {@org.springframework.beans.factory.annotation.Autowired(required=true)}
	at org.springframework.beans.factory.support.DefaultListableBeanFactory.raiseNoMatchingBeanFound(DefaultListableBeanFactory.java:1509) ~[spring-beans-5.0.5.RELEASE.jar:5.0.5.RELEASE]
	at org.springframework.beans.factory.support.DefaultListableBeanFactory.doResolveDependency(DefaultListableBeanFactory.java:1104) ~[spring-beans-5.0.5.RELEASE.jar:5.0.5.RELEASE]
	at org.springframework.beans.factory.support.DefaultListableBeanFactory.resolveDependency(DefaultListableBeanFactory.java:1065) ~[spring-beans-5.0.5.RELEASE.jar:5.0.5.RELEASE]
	at org.springframework.beans.factory.annotation.AutowiredAnnotationBeanPostProcessor$AutowiredFieldElement.inject(AutowiredAnnotationBeanPostProcessor.java:584) ~[spring-beans-5.0.5.RELEASE.jar:5.0.5.RELEASE]
	... 28 common frames omitted
2018-04-27 15:43:06.643  INFO 5316 --- [       Thread-2] o.s.w.c.s.GenericWebApplicationContext   : Closing org.springframework.web.context.support.GenericWebApplicationContext@2e6a8155: startup date [Fri Apr 27 15:43:04 CST 2018]; root of context hierarchy
</output>
        <output type="stdout">Process finished with exit code -1
</output>
    </root>
    <test duration="8" locationUrl="java:test://com.wuhaozz.ApplicationTests.sendTemplateMail" name="ApplicationTests.sendTemplateMail" status="error">
        <output type="stderr">org.springframework.beans.factory.UnsatisfiedDependencyException: Error creating bean with name &amp;#39;com.wuhaozz.ApplicationTests&amp;#39;: Unsatisfied dependency expressed through field &amp;#39;velocityEngine&amp;#39;; nested exception is org.springframework.beans.factory.NoSuchBeanDefinitionException: No qualifying bean of type &amp;#39;org.apache.velocity.app.VelocityEngine&amp;#39; available: expected at least 1 bean which qualifies as autowire candidate. Dependency annotations: {@org.springframework.beans.factory.annotation.Autowired(required=true)}
&#13;
	at org.springframework.beans.factory.annotation.AutowiredAnnotationBeanPostProcessor$AutowiredFieldElement.inject(AutowiredAnnotationBeanPostProcessor.java:587)&#13;
	at org.springframework.beans.factory.annotation.InjectionMetadata.inject(InjectionMetadata.java:91)&#13;
	at org.springframework.beans.factory.annotation.AutowiredAnnotationBeanPostProcessor.postProcessPropertyValues(AutowiredAnnotationBeanPostProcessor.java:373)&#13;
	at org.springframework.beans.factory.support.AbstractAutowireCapableBeanFactory.populateBean(AbstractAutowireCapableBeanFactory.java:1344)&#13;
	at org.springframework.beans.factory.support.AbstractAutowireCapableBeanFactory.autowireBeanProperties(AbstractAutowireCapableBeanFactory.java:399)&#13;
	at org.springframework.test.context.support.DependencyInjectionTestExecutionListener.injectDependencies(DependencyInjectionTestExecutionListener.java:118)&#13;
	at org.springframework.test.context.support.DependencyInjectionTestExecutionListener.prepareTestInstance(DependencyInjectionTestExecutionListener.java:83)&#13;
	at org.springframework.boot.test.autoconfigure.SpringBootDependencyInjectionTestExecutionListener.prepareTestInstance(SpringBootDependencyInjectionTestExecutionListener.java:44)&#13;
	at org.springframework.test.context.TestContextManager.prepareTestInstance(TestContextManager.java:246)&#13;
	at org.springframework.test.context.junit4.SpringJUnit4ClassRunner.createTest(SpringJUnit4ClassRunner.java:227)&#13;
	at org.springframework.test.context.junit4.SpringJUnit4ClassRunner$1.runReflectiveCall(SpringJUnit4ClassRunner.java:289)&#13;
	at org.junit.internal.runners.model.ReflectiveCallable.run(ReflectiveCallable.java:12)&#13;
	at org.springframework.test.context.junit4.SpringJUnit4ClassRunner.methodBlock(SpringJUnit4ClassRunner.java:291)&#13;
	at org.springframework.test.context.junit4.SpringJUnit4ClassRunner.runChild(SpringJUnit4ClassRunner.java:246)&#13;
	at org.springframework.test.context.junit4.SpringJUnit4ClassRunner.runChild(SpringJUnit4ClassRunner.java:97)&#13;
	at org.junit.runners.ParentRunner$3.run(ParentRunner.java:290)&#13;
	at org.junit.runners.ParentRunner$1.schedule(ParentRunner.java:71)&#13;
	at org.junit.runners.ParentRunner.runChildren(ParentRunner.java:288)&#13;
	at org.junit.runners.ParentRunner.access$000(ParentRunner.java:58)&#13;
	at org.junit.runners.ParentRunner$2.evaluate(ParentRunner.java:268)&#13;
	at org.springframework.test.context.junit4.statements.RunBeforeTestClassCallbacks.evaluate(RunBeforeTestClassCallbacks.java:61)&#13;
	at org.springframework.test.context.junit4.statements.RunAfterTestClassCallbacks.evaluate(RunAfterTestClassCallbacks.java:70)&#13;
	at org.junit.runners.ParentRunner.run(ParentRunner.java:363)&#13;
	at org.springframework.test.context.junit4.SpringJUnit4ClassRunner.run(SpringJUnit4ClassRunner.java:190)&#13;
	at org.junit.runner.JUnitCore.run(JUnitCore.java:137)&#13;
	at com.intellij.junit4.JUnit4IdeaTestRunner.startRunnerWithArgs(JUnit4IdeaTestRunner.java:68)&#13;
	at com.intellij.rt.execution.junit.IdeaTestRunner$Repeater.startRunnerWithArgs(IdeaTestRunner.java:47)&#13;
	at com.intellij.rt.execution.junit.JUnitStarter.prepareStreamsAndStart(JUnitStarter.java:242)&#13;
	at com.intellij.rt.execution.junit.JUnitStarter.main(JUnitStarter.java:70)&#13;
Caused by: org.springframework.beans.factory.NoSuchBeanDefinitionException: No qualifying bean of type &amp;#39;org.apache.velocity.app.VelocityEngine&amp;#39; available: expected at least 1 bean which qualifies as autowire candidate. Dependency annotations: {@org.springframework.beans.factory.annotation.Autowired(required=true)}&#13;
	at org.springframework.beans.factory.support.DefaultListableBeanFactory.raiseNoMatchingBeanFound(DefaultListableBeanFactory.java:1509)&#13;
	at org.springframework.beans.factory.support.DefaultListableBeanFactory.doResolveDependency(DefaultListableBeanFactory.java:1104)&#13;
	at org.springframework.beans.factory.support.DefaultListableBeanFactory.resolveDependency(DefaultListableBeanFactory.java:1065)&#13;
	at org.springframework.beans.factory.annotation.AutowiredAnnotationBeanPostProcessor$AutowiredFieldElement.inject(AutowiredAnnotationBeanPostProcessor.java:584)&#13;
	... 28 more&#13;
</output>
    </test>
</testrun>
