<?xml version="1.0" encoding="UTF-8"?><testrun duration="1304" footerText="Generated by IntelliJ IDEA on 18-4-27 ÏÂÎç2:56" name="ApplicationTests.sendSimpleMail">
    <count name="total" value="1"/>
    <count name="error" value="1"/>
    <config nameIsGenerated="true" configId="JUnit" name="ApplicationTests.sendSimpleMail">
        <extension name="coverage" enabled="false" merge="false" sample_coverage="true" runner="idea">
            <pattern>
                <option name="PATTERN" value="com.wuhaozz.*"/>
                <option name="ENABLED" value="true"/>
            </pattern>
        </extension>
        <module name="Chapter4-5-1"/>
        <option name="ALTERNATIVE_JRE_PATH_ENABLED" value="false"/>
        <option name="ALTERNATIVE_JRE_PATH"/>
        <option name="PACKAGE_NAME" value="com.wuhaozz"/>
        <option name="MAIN_CLASS_NAME" value="com.wuhaozz.ApplicationTests"/>
        <option name="METHOD_NAME" value="sendSimpleMail"/>
        <option name="TEST_OBJECT" value="method"/>
        <option name="VM_PARAMETERS" value="-ea"/>
        <option name="PARAMETERS"/>
        <option name="WORKING_DIRECTORY" value="$MODULE_DIR$"/>
        <option name="ENV_VARIABLES"/>
        <option name="PASS_PARENT_ENVS" value="true"/>
        <option name="TEST_SEARCH_SCOPE">
            <value defaultName="singleModule"/>
        </option>
        <envs/>
        <patterns/>
    </config>
    <root name="ApplicationTests" comment="com.wuhaozz" location="java:suite://com.wuhaozz.ApplicationTests">
        <output type="stdout">D:\Java\jdk1.8.0_60\bin\java -ea -Didea.test.cyclic.buffer.size=1048576 &amp;quot;-javaagent:D:\Work\JetBrains\IntelliJ IDEA 2017.3.3\lib\idea_rt.jar=52430:D:\Work\JetBrains\IntelliJ IDEA 2017.3.3\bin&amp;quot; -Dfile.encoding=UTF-8 -classpath &amp;quot;D:\Work\JetBrains\IntelliJ IDEA 2017.3.3\lib\idea_rt.jar;D:\Work\JetBrains\IntelliJ IDEA 2017.3.3\plugins\junit\lib\junit-rt.jar;D:\Work\JetBrains\IntelliJ IDEA 2017.3.3\plugins\junit\lib\junit5-rt.jar;D:\Java\jdk1.8.0_60\jre\lib\charsets.jar;D:\Java\jdk1.8.0_60\jre\lib\deploy.jar;D:\Java\jdk1.8.0_60\jre\lib\ext\access-bridge-64.jar;D:\Java\jdk1.8.0_60\jre\lib\ext\cldrdata.jar;D:\Java\jdk1.8.0_60\jre\lib\ext\dnsns.jar;D:\Java\jdk1.8.0_60\jre\lib\ext\jaccess.jar;D:\Java\jdk1.8.0_60\jre\lib\ext\jfxrt.jar;D:\Java\jdk1.8.0_60\jre\lib\ext\localedata.jar;D:\Java\jdk1.8.0_60\jre\lib\ext\nashorn.jar;D:\Java\jdk1.8.0_60\jre\lib\ext\sunec.jar;D:\Java\jdk1.8.0_60\jre\lib\ext\sunjce_provider.jar;D:\Java\jdk1.8.0_60\jre\lib\ext\sunmscapi.jar;D:\Java\jdk1.8.0_60\jre\lib\ext\sunpkcs11.jar;D:\Java\jdk1.8.0_60\jre\lib\ext\zipfs.jar;D:\Java\jdk1.8.0_60\jre\lib\javaws.jar;D:\Java\jdk1.8.0_60\jre\lib\jce.jar;D:\Java\jdk1.8.0_60\jre\lib\jfr.jar;D:\Java\jdk1.8.0_60\jre\lib\jfxswt.jar;D:\Java\jdk1.8.0_60\jre\lib\jsse.jar;D:\Java\jdk1.8.0_60\jre\lib\management-agent.jar;D:\Java\jdk1.8.0_60\jre\lib\plugin.jar;D:\Java\jdk1.8.0_60\jre\lib\resources.jar;D:\Java\jdk1.8.0_60\jre\lib\rt.jar;D:\Work\IdeaProjects\SpringBootLearning\Chapter4-5-1\target\test-classes;D:\Work\IdeaProjects\SpringBootLearning\Chapter4-5-1\target\classes;D:\Java\repository\org\springframework\boot\spring-boot-starter\2.0.1.RELEASE\spring-boot-starter-2.0.1.RELEASE.jar;D:\Java\repository\org\springframework\boot\spring-boot\2.0.1.RELEASE\spring-boot-2.0.1.RELEASE.jar;D:\Java\repository\org\springframework\boot\spring-boot-autoconfigure\2.0.1.RELEASE\spring-boot-autoconfigure-2.0.1.RELEASE.jar;D:\Java\repository\org\springframework\boot\spring-boot-starter-logging\2.0.1.RELEASE\spring-boot-starter-logging-2.0.1.RELEASE.jar;D:\Java\repository\ch\qos\logback\logback-classic\1.2.3\logback-classic-1.2.3.jar;D:\Java\repository\ch\qos\logback\logback-core\1.2.3\logback-core-1.2.3.jar;D:\Java\repository\org\apache\logging\log4j\log4j-to-slf4j\2.10.0\log4j-to-slf4j-2.10.0.jar;D:\Java\repository\org\apache\logging\log4j\log4j-api\2.10.0\log4j-api-2.10.0.jar;D:\Java\repository\org\slf4j\jul-to-slf4j\1.7.25\jul-to-slf4j-1.7.25.jar;D:\Java\repository\javax\annotation\javax.annotation-api\1.3.2\javax.annotation-api-1.3.2.jar;D:\Java\repository\org\springframework\spring-core\5.0.5.RELEASE\spring-core-5.0.5.RELEASE.jar;D:\Java\repository\org\springframework\spring-jcl\5.0.5.RELEASE\spring-jcl-5.0.5.RELEASE.jar;D:\Java\repository\org\yaml\snakeyaml\1.19\snakeyaml-1.19.jar;D:\Java\repository\org\springframework\boot\spring-boot-starter-mail\2.0.1.RELEASE\spring-boot-starter-mail-2.0.1.RELEASE.jar;D:\Java\repository\org\springframework\spring-context\5.0.5.RELEASE\spring-context-5.0.5.RELEASE.jar;D:\Java\repository\org\springframework\spring-aop\5.0.5.RELEASE\spring-aop-5.0.5.RELEASE.jar;D:\Java\repository\org\springframework\spring-beans\5.0.5.RELEASE\spring-beans-5.0.5.RELEASE.jar;D:\Java\repository\org\springframework\spring-expression\5.0.5.RELEASE\spring-expression-5.0.5.RELEASE.jar;D:\Java\repository\org\springframework\spring-context-support\5.0.5.RELEASE\spring-context-support-5.0.5.RELEASE.jar;D:\Java\repository\com\sun\mail\javax.mail\1.6.1\javax.mail-1.6.1.jar;D:\Java\repository\javax\activation\activation\1.1\activation-1.1.jar;D:\Java\repository\org\springframework\boot\spring-boot-starter-test\2.0.1.RELEASE\spring-boot-starter-test-2.0.1.RELEASE.jar;D:\Java\repository\org\springframework\boot\spring-boot-test\2.0.1.RELEASE\spring-boot-test-2.0.1.RELEASE.jar;D:\Java\repository\org\springframework\boot\spring-boot-test-autoconfigure\2.0.1.RELEASE\spring-boot-test-autoconfigure-2.0.1.RELEASE.jar;D:\Java\repository\com\jayway\jsonpath\json-path\2.4.0\json-path-2.4.0.jar;D:\Java\repository\net\minidev\json-smart\2.3\json-smart-2.3.jar;D:\Java\repository\net\minidev\accessors-smart\1.2\accessors-smart-1.2.jar;D:\Java\repository\org\ow2\asm\asm\5.0.4\asm-5.0.4.jar;D:\Java\repository\org\slf4j\slf4j-api\1.7.25\slf4j-api-1.7.25.jar;D:\Java\repository\junit\junit\4.12\junit-4.12.jar;D:\Java\repository\org\assertj\assertj-core\3.9.1\assertj-core-3.9.1.jar;D:\Java\repository\org\mockito\mockito-core\2.15.0\mockito-core-2.15.0.jar;D:\Java\repository\net\bytebuddy\byte-buddy\1.7.11\byte-buddy-1.7.11.jar;D:\Java\repository\net\bytebuddy\byte-buddy-agent\1.7.11\byte-buddy-agent-1.7.11.jar;D:\Java\repository\org\objenesis\objenesis\2.6\objenesis-2.6.jar;D:\Java\repository\org\hamcrest\hamcrest-core\1.3\hamcrest-core-1.3.jar;D:\Java\repository\org\hamcrest\hamcrest-library\1.3\hamcrest-library-1.3.jar;D:\Java\repository\org\skyscreamer\jsonassert\1.5.0\jsonassert-1.5.0.jar;D:\Java\repository\com\vaadin\external\google\android-json\0.0.20131108.vaadin1\android-json-0.0.20131108.vaadin1.jar;D:\Java\repository\org\springframework\spring-test\5.0.5.RELEASE\spring-test-5.0.5.RELEASE.jar;D:\Java\repository\org\xmlunit\xmlunit-core\2.5.1\xmlunit-core-2.5.1.jar&amp;quot; com.intellij.rt.execution.junit.JUnitStarter -ideVersion5 com.wuhaozz.ApplicationTests,sendSimpleMail
</output>
        <output type="stdout">14:56:19.676 [main] DEBUG org.springframework.test.context.junit4.SpringJUnit4ClassRunner - SpringJUnit4ClassRunner constructor called with [class com.wuhaozz.ApplicationTests]
14:56:19.685 [main] DEBUG org.springframework.test.context.BootstrapUtils - Instantiating CacheAwareContextLoaderDelegate from class [org.springframework.test.context.cache.DefaultCacheAwareContextLoaderDelegate]
14:56:19.694 [main] DEBUG org.springframework.test.context.BootstrapUtils - Instantiating BootstrapContext using constructor [public org.springframework.test.context.support.DefaultBootstrapContext(java.lang.Class,org.springframework.test.context.CacheAwareContextLoaderDelegate)]
14:56:19.722 [main] DEBUG org.springframework.test.context.BootstrapUtils - Instantiating TestContextBootstrapper for test class [com.wuhaozz.ApplicationTests] from class [org.springframework.boot.test.context.SpringBootTestContextBootstrapper]
14:56:19.736 [main] INFO org.springframework.boot.test.context.SpringBootTestContextBootstrapper - Neither @ContextConfiguration nor @ContextHierarchy found for test class [com.wuhaozz.ApplicationTests], using SpringBootContextLoader
14:56:19.743 [main] DEBUG org.springframework.test.context.support.AbstractContextLoader - Did not detect default resource location for test class [com.wuhaozz.ApplicationTests]: class path resource [com/wuhaozz/ApplicationTests-context.xml] does not exist
14:56:19.745 [main] DEBUG org.springframework.test.context.support.AbstractContextLoader - Did not detect default resource location for test class [com.wuhaozz.ApplicationTests]: class path resource [com/wuhaozz/ApplicationTestsContext.groovy] does not exist
14:56:19.746 [main] INFO org.springframework.test.context.support.AbstractContextLoader - Could not detect default resource locations for test class [com.wuhaozz.ApplicationTests]: no resource found for suffixes {-context.xml, Context.groovy}.
14:56:19.747 [main] INFO org.springframework.test.context.support.AnnotationConfigContextLoaderUtils - Could not detect default configuration classes for test class [com.wuhaozz.ApplicationTests]: ApplicationTests does not declare any static, non-private, non-final, nested classes annotated with @Configuration.
14:56:19.803 [main] DEBUG org.springframework.test.context.support.ActiveProfilesUtils - Could not find an &amp;#39;annotation declaring class&amp;#39; for annotation type [org.springframework.test.context.ActiveProfiles] and class [com.wuhaozz.ApplicationTests]
14:56:19.814 [main] DEBUG org.springframework.core.env.StandardEnvironment - Adding PropertySource &amp;#39;systemProperties&amp;#39; with lowest search precedence
14:56:19.814 [main] DEBUG org.springframework.core.env.StandardEnvironment - Adding PropertySource &amp;#39;systemEnvironment&amp;#39; with lowest search precedence
14:56:19.818 [main] DEBUG org.springframework.core.env.StandardEnvironment - Initialized StandardEnvironment with PropertySources [MapPropertySource@1250391581 {name=&amp;#39;systemProperties&amp;#39;, properties={java.runtime.name=Java(TM) SE Runtime Environment, sun.boot.library.path=D:\Java\jdk1.8.0_60\jre\bin, java.vm.version=25.60-b23, java.vm.vendor=Oracle Corporation, java.vendor.url=http://java.oracle.com/, path.separator=;, java.vm.name=Java HotSpot(TM) 64-Bit Server VM, file.encoding.pkg=sun.io, user.country=CN, user.script=, sun.java.launcher=SUN_STANDARD, sun.os.patch.level=, java.vm.specification.name=Java Virtual Machine Specification, user.dir=D:\Work\IdeaProjects\SpringBootLearning\Chapter4-5-1, java.runtime.version=1.8.0_60-b27, java.awt.graphicsenv=sun.awt.Win32GraphicsEnvironment, java.endorsed.dirs=D:\Java\jdk1.8.0_60\jre\lib\endorsed, os.arch=amd64, java.io.tmpdir=C:\Users\sky\AppData\Local\Temp\, line.separator=
, java.vm.specification.vendor=Oracle Corporation, user.variant=, os.name=Windows 10, sun.jnu.encoding=GBK, java.library.path=D:\Java\jdk1.8.0_60\bin;C:\WINDOWS\Sun\Java\bin;C:\WINDOWS\system32;C:\WINDOWS;C:\ProgramData\Oracle\Java\javapath;D:\oracle\wuhaozz\product\instantclient_11_2;D:\oracle\wuhaozz\OraHome_1;D:\Java\jdk1.8.0_60\bin;D:\Java\jdk1.8.0_60\jre\bin;C:\WINDOWS\system32;C:\WINDOWS;C:\WINDOWS\System32\Wbem;C:\WINDOWS\System32\WindowsPowerShell\v1.0\;D:\Microsoft SQL Server (x86)\110\Tools\Binn\;D:\Microsoft SQL Server\110\Tools\Binn\;D:\Microsoft SQL Server\110\DTS\Binn\;D:\Microsoft SQL Server (x86)\110\Tools\Binn\ManagementStudio\;C:\Program Files (x86)\Microsoft Visual Studio 10.0\Common7\IDE\PrivateAssemblies\;D:\Microsoft SQL Server (x86)\110\DTS\Binn\;D:\MySQL\MySQL Server 5.7\bin;C:\Program Files (x86)\NVIDIA Corporation\PhysX\Common;D:\TortoiseSVN\bin;D:\Work\Git\cmd;C:\Program Files\MySQL\MySQL Utilities 1.6\;E:\Microsoft VS Code\bin;C:\Users\sky\AppData\Local\GitHubDesktop\bin;., java.specification.name=Java Platform API Specification, java.class.version=52.0, sun.management.compiler=HotSpot 64-Bit Tiered Compilers, os.version=10.0, user.home=C:\Users\sky, user.timezone=Asia/Shanghai, java.awt.printerjob=sun.awt.windows.WPrinterJob, file.encoding=UTF-8, java.specification.version=1.8, java.class.path=D:\Work\JetBrains\IntelliJ IDEA 2017.3.3\lib\idea_rt.jar;D:\Work\JetBrains\IntelliJ IDEA 2017.3.3\plugins\junit\lib\junit-rt.jar;D:\Work\JetBrains\IntelliJ IDEA 2017.3.3\plugins\junit\lib\junit5-rt.jar;D:\Java\jdk1.8.0_60\jre\lib\charsets.jar;D:\Java\jdk1.8.0_60\jre\lib\deploy.jar;D:\Java\jdk1.8.0_60\jre\lib\ext\access-bridge-64.jar;D:\Java\jdk1.8.0_60\jre\lib\ext\cldrdata.jar;D:\Java\jdk1.8.0_60\jre\lib\ext\dnsns.jar;D:\Java\jdk1.8.0_60\jre\lib\ext\jaccess.jar;D:\Java\jdk1.8.0_60\jre\lib\ext\jfxrt.jar;D:\Java\jdk1.8.0_60\jre\lib\ext\localedata.jar;D:\Java\jdk1.8.0_60\jre\lib\ext\nashorn.jar;D:\Java\jdk1.8.0_60\jre\lib\ext\sunec.jar;D:\Java\jdk1.8.0_60\jre\lib\ext\sunjce_provider.jar;D:\Java\jdk1.8.0_60\jre\lib\ext\sunmscapi.jar;D:\Java\jdk1.8.0_60\jre\lib\ext\sunpkcs11.jar;D:\Java\jdk1.8.0_60\jre\lib\ext\zipfs.jar;D:\Java\jdk1.8.0_60\jre\lib\javaws.jar;D:\Java\jdk1.8.0_60\jre\lib\jce.jar;D:\Java\jdk1.8.0_60\jre\lib\jfr.jar;D:\Java\jdk1.8.0_60\jre\lib\jfxswt.jar;D:\Java\jdk1.8.0_60\jre\lib\jsse.jar;D:\Java\jdk1.8.0_60\jre\lib\management-agent.jar;D:\Java\jdk1.8.0_60\jre\lib\plugin.jar;D:\Java\jdk1.8.0_60\jre\lib\resources.jar;D:\Java\jdk1.8.0_60\jre\lib\rt.jar;D:\Work\IdeaProjects\SpringBootLearning\Chapter4-5-1\target\test-classes;D:\Work\IdeaProjects\SpringBootLearning\Chapter4-5-1\target\classes;D:\Java\repository\org\springframework\boot\spring-boot-starter\2.0.1.RELEASE\spring-boot-starter-2.0.1.RELEASE.jar;D:\Java\repository\org\springframework\boot\spring-boot\2.0.1.RELEASE\spring-boot-2.0.1.RELEASE.jar;D:\Java\repository\org\springframework\boot\spring-boot-autoconfigure\2.0.1.RELEASE\spring-boot-autoconfigure-2.0.1.RELEASE.jar;D:\Java\repository\org\springframework\boot\spring-boot-starter-logging\2.0.1.RELEASE\spring-boot-starter-logging-2.0.1.RELEASE.jar;D:\Java\repository\ch\qos\logback\logback-classic\1.2.3\logback-classic-1.2.3.jar;D:\Java\repository\ch\qos\logback\logback-core\1.2.3\logback-core-1.2.3.jar;D:\Java\repository\org\apache\logging\log4j\log4j-to-slf4j\2.10.0\log4j-to-slf4j-2.10.0.jar;D:\Java\repository\org\apache\logging\log4j\log4j-api\2.10.0\log4j-api-2.10.0.jar;D:\Java\repository\org\slf4j\jul-to-slf4j\1.7.25\jul-to-slf4j-1.7.25.jar;D:\Java\repository\javax\annotation\javax.annotation-api\1.3.2\javax.annotation-api-1.3.2.jar;D:\Java\repository\org\springframework\spring-core\5.0.5.RELEASE\spring-core-5.0.5.RELEASE.jar;D:\Java\repository\org\springframework\spring-jcl\5.0.5.RELEASE\spring-jcl-5.0.5.RELEASE.jar;D:\Java\repository\org\yaml\snakeyaml\1.19\snakeyaml-1.19.jar;D:\Java\repository\org\springframework\boot\spring-boot-starter-mail\2.0.1.RELEASE\spring-boot-starter-mail-2.0.1.RELEASE.jar;D:\Java\repository\org\springframework\spring-context\5.0.5.RELEASE\spring-context-5.0.5.RELEASE.jar;D:\Java\repository\org\springframework\spring-aop\5.0.5.RELEASE\spring-aop-5.0.5.RELEASE.jar;D:\Java\repository\org\springframework\spring-beans\5.0.5.RELEASE\spring-beans-5.0.5.RELEASE.jar;D:\Java\repository\org\springframework\spring-expression\5.0.5.RELEASE\spring-expression-5.0.5.RELEASE.jar;D:\Java\repository\org\springframework\spring-context-support\5.0.5.RELEASE\spring-context-support-5.0.5.RELEASE.jar;D:\Java\repository\com\sun\mail\javax.mail\1.6.1\javax.mail-1.6.1.jar;D:\Java\repository\javax\activation\activation\1.1\activation-1.1.jar;D:\Java\repository\org\springframework\boot\spring-boot-starter-test\2.0.1.RELEASE\spring-boot-starter-test-2.0.1.RELEASE.jar;D:\Java\repository\org\springframework\boot\spring-boot-test\2.0.1.RELEASE\spring-boot-test-2.0.1.RELEASE.jar;D:\Java\repository\org\springframework\boot\spring-boot-test-autoconfigure\2.0.1.RELEASE\spring-boot-test-autoconfigure-2.0.1.RELEASE.jar;D:\Java\repository\com\jayway\jsonpath\json-path\2.4.0\json-path-2.4.0.jar;D:\Java\repository\net\minidev\json-smart\2.3\json-smart-2.3.jar;D:\Java\repository\net\minidev\accessors-smart\1.2\accessors-smart-1.2.jar;D:\Java\repository\org\ow2\asm\asm\5.0.4\asm-5.0.4.jar;D:\Java\repository\org\slf4j\slf4j-api\1.7.25\slf4j-api-1.7.25.jar;D:\Java\repository\junit\junit\4.12\junit-4.12.jar;D:\Java\repository\org\assertj\assertj-core\3.9.1\assertj-core-3.9.1.jar;D:\Java\repository\org\mockito\mockito-core\2.15.0\mockito-core-2.15.0.jar;D:\Java\repository\net\bytebuddy\byte-buddy\1.7.11\byte-buddy-1.7.11.jar;D:\Java\repository\net\bytebuddy\byte-buddy-agent\1.7.11\byte-buddy-agent-1.7.11.jar;D:\Java\repository\org\objenesis\objenesis\2.6\objenesis-2.6.jar;D:\Java\repository\org\hamcrest\hamcrest-core\1.3\hamcrest-core-1.3.jar;D:\Java\repository\org\hamcrest\hamcrest-library\1.3\hamcrest-library-1.3.jar;D:\Java\repository\org\skyscreamer\jsonassert\1.5.0\jsonassert-1.5.0.jar;D:\Java\repository\com\vaadin\external\google\android-json\0.0.20131108.vaadin1\android-json-0.0.20131108.vaadin1.jar;D:\Java\repository\org\springframework\spring-test\5.0.5.RELEASE\spring-test-5.0.5.RELEASE.jar;D:\Java\repository\org\xmlunit\xmlunit-core\2.5.1\xmlunit-core-2.5.1.jar;D:\Work\JetBrains\IntelliJ IDEA 2017.3.3\lib\idea_rt.jar, user.name=wuhaozz, java.vm.specification.version=1.8, sun.java.command=com.intellij.rt.execution.junit.JUnitStarter -ideVersion5 com.wuhaozz.ApplicationTests,sendSimpleMail, java.home=D:\Java\jdk1.8.0_60\jre, sun.arch.data.model=64, user.language=zh, java.specification.vendor=Oracle Corporation, awt.toolkit=sun.awt.windows.WToolkit, java.vm.info=mixed mode, java.version=1.8.0_60, java.ext.dirs=D:\Java\jdk1.8.0_60\jre\lib\ext;C:\WINDOWS\Sun\Java\lib\ext, sun.boot.class.path=D:\Java\jdk1.8.0_60\jre\lib\resources.jar;D:\Java\jdk1.8.0_60\jre\lib\rt.jar;D:\Java\jdk1.8.0_60\jre\lib\sunrsasign.jar;D:\Java\jdk1.8.0_60\jre\lib\jsse.jar;D:\Java\jdk1.8.0_60\jre\lib\jce.jar;D:\Java\jdk1.8.0_60\jre\lib\charsets.jar;D:\Java\jdk1.8.0_60\jre\lib\jfr.jar;D:\Java\jdk1.8.0_60\jre\classes, java.vendor=Oracle Corporation, file.separator=\, java.vendor.url.bug=http://bugreport.sun.com/bugreport/, idea.test.cyclic.buffer.size=1048576, sun.io.unicode.encoding=UnicodeLittle, sun.cpu.endian=little, sun.desktop=windows, sun.cpu.isalist=amd64}}, SystemEnvironmentPropertySource@1725017993 {name=&amp;#39;systemEnvironment&amp;#39;, properties={USERDOMAIN_ROAMINGPROFILE=WUHAO-PC, LOCALAPPDATA=C:\Users\sky\AppData\Local, PROCESSOR_LEVEL=6, FP_NO_HOST_CHECK=NO, USERDOMAIN=WUHAO-PC, FPS_BROWSER_APP_PROFILE_STRING=Internet Explorer, LOGONSERVER=\\WUHAO-PC, JAVA_HOME=D:\Java\jdk1.8.0_60, SESSIONNAME=Console, ALLUSERSPROFILE=C:\ProgramData, PROCESSOR_ARCHITECTURE=AMD64, TNS_ADMIN=D:\oracle\wuhaozz\product\instantclient_11_2;, PSModulePath=C:\WINDOWS\system32\WindowsPowerShell\v1.0\Modules\;D:\Microsoft SQL Server (x86)\110\Tools\PowerShell\Modules\, SystemDrive=C:, asl.log=Destination=file, APPDATA=C:\Users\sky\AppData\Roaming, USERNAME=wuhaozz, ProgramFiles(x86)=C:\Program Files (x86), VBOX_MSI_INSTALL_PATH=D:\Work\Oracle\VirtualBox\, CommonProgramFiles=C:\Program Files\Common Files, Path=C:\ProgramData\Oracle\Java\javapath;D:\oracle\wuhaozz\product\instantclient_11_2;D:\oracle\wuhaozz\OraHome_1;D:\Java\jdk1.8.0_60\bin;D:\Java\jdk1.8.0_60\jre\bin;C:\WINDOWS\system32;C:\WINDOWS;C:\WINDOWS\System32\Wbem;C:\WINDOWS\System32\WindowsPowerShell\v1.0\;D:\Microsoft SQL Server (x86)\110\Tools\Binn\;D:\Microsoft SQL Server\110\Tools\Binn\;D:\Microsoft SQL Server\110\DTS\Binn\;D:\Microsoft SQL Server (x86)\110\Tools\Binn\ManagementStudio\;C:\Program Files (x86)\Microsoft Visual Studio 10.0\Common7\IDE\PrivateAssemblies\;D:\Microsoft SQL Server (x86)\110\DTS\Binn\;D:\MySQL\MySQL Server 5.7\bin;C:\Program Files (x86)\NVIDIA Corporation\PhysX\Common;D:\TortoiseSVN\bin;D:\Work\Git\cmd;C:\Program Files\MySQL\MySQL Utilities 1.6\;E:\Microsoft VS Code\bin;C:\Users\sky\AppData\Local\GitHubDesktop\bin, FPS_BROWSER_USER_PROFILE_STRING=Default, PATHEXT=.COM;.EXE;.BAT;.CMD;.VBS;.VBE;.JS;.JSE;.WSF;.WSH;.MSC, OS=Windows_NT, COMPUTERNAME=WUHAO-PC, PROCESSOR_REVISION=3c03, CLASSPATH=.;D:\Java\jdk1.8.0_60\lib;D:\Java\jdk1.8.0_60\lib\tools.jar, CommonProgramW6432=C:\Program Files\Common Files, NLS_LANG=SIMPLIFIED CHINESE_CHINA.ZHS16GBK, ComSpec=C:\WINDOWS\system32\cmd.exe, ProgramData=C:\ProgramData, ProgramW6432=C:\Program Files, HOMEPATH=\Users\sky, SystemRoot=C:\WINDOWS, TEMP=C:\Users\sky\AppData\Local\Temp, #envTSLOGSHELLEXT13792=172782048, HOMEDRIVE=C:, PROCESSOR_IDENTIFIER=Intel64 Family 6 Model 60 Stepping 3, GenuineIntel, USERPROFILE=C:\Users\sky, TMP=C:\Users\sky\AppData\Local\Temp, CommonProgramFiles(x86)=C:\Program Files (x86)\Common Files, ProgramFiles=C:\Program Files, PUBLIC=C:\Users\Public, NUMBER_OF_PROCESSORS=4, windir=C:\WINDOWS, =::=::\}}]
14:56:19.841 [main] DEBUG org.springframework.core.io.support.PathMatchingResourcePatternResolver - Resolved classpath location [com/wuhaozz/] to resources [URL [file:/D:/Work/IdeaProjects/SpringBootLearning/Chapter4-5-1/target/test-classes/com/wuhaozz/], URL [file:/D:/Work/IdeaProjects/SpringBootLearning/Chapter4-5-1/target/classes/com/wuhaozz/]]
14:56:19.842 [main] DEBUG org.springframework.core.io.support.PathMatchingResourcePatternResolver - Looking for matching resources in directory tree [D:\Work\IdeaProjects\SpringBootLearning\Chapter4-5-1\target\test-classes\com\wuhaozz]
14:56:19.842 [main] DEBUG org.springframework.core.io.support.PathMatchingResourcePatternResolver - Searching directory [D:\Work\IdeaProjects\SpringBootLearning\Chapter4-5-1\target\test-classes\com\wuhaozz] for files matching pattern [D:/Work/IdeaProjects/SpringBootLearning/Chapter4-5-1/target/test-classes/com/wuhaozz/*.class]
14:56:19.846 [main] DEBUG org.springframework.core.io.support.PathMatchingResourcePatternResolver - Looking for matching resources in directory tree [D:\Work\IdeaProjects\SpringBootLearning\Chapter4-5-1\target\classes\com\wuhaozz]
14:56:19.846 [main] DEBUG org.springframework.core.io.support.PathMatchingResourcePatternResolver - Searching directory [D:\Work\IdeaProjects\SpringBootLearning\Chapter4-5-1\target\classes\com\wuhaozz] for files matching pattern [D:/Work/IdeaProjects/SpringBootLearning/Chapter4-5-1/target/classes/com/wuhaozz/*.class]
14:56:19.847 [main] DEBUG org.springframework.core.io.support.PathMatchingResourcePatternResolver - Resolved location pattern [classpath*:com/wuhaozz/*.class] to resources [file [D:\Work\IdeaProjects\SpringBootLearning\Chapter4-5-1\target\test-classes\com\wuhaozz\ApplicationTests.class], file [D:\Work\IdeaProjects\SpringBootLearning\Chapter4-5-1\target\classes\com\wuhaozz\Application.class]]
14:56:19.990 [main] DEBUG org.springframework.context.annotation.ClassPathScanningCandidateComponentProvider - Identified candidate component class: file [D:\Work\IdeaProjects\SpringBootLearning\Chapter4-5-1\target\classes\com\wuhaozz\Application.class]
14:56:19.992 [main] INFO org.springframework.boot.test.context.SpringBootTestContextBootstrapper - Found @SpringBootConfiguration com.wuhaozz.Application for test class com.wuhaozz.ApplicationTests
14:56:20.187 [main] DEBUG org.springframework.boot.test.context.SpringBootTestContextBootstrapper - @TestExecutionListeners is not present for class [com.wuhaozz.ApplicationTests]: using defaults.
14:56:20.188 [main] INFO org.springframework.boot.test.context.SpringBootTestContextBootstrapper - Loaded default TestExecutionListener class names from location [META-INF/spring.factories]: [org.springframework.boot.test.mock.mockito.MockitoTestExecutionListener, org.springframework.boot.test.mock.mockito.ResetMocksTestExecutionListener, org.springframework.boot.test.autoconfigure.restdocs.RestDocsTestExecutionListener, org.springframework.boot.test.autoconfigure.web.client.MockRestServiceServerResetTestExecutionListener, org.springframework.boot.test.autoconfigure.web.servlet.MockMvcPrintOnlyOnFailureTestExecutionListener, org.springframework.boot.test.autoconfigure.web.servlet.WebDriverTestExecutionListener, org.springframework.test.context.web.ServletTestExecutionListener, org.springframework.test.context.support.DirtiesContextBeforeModesTestExecutionListener, org.springframework.test.context.support.DependencyInjectionTestExecutionListener, org.springframework.test.context.support.DirtiesContextTestExecutionListener, org.springframework.test.context.transaction.TransactionalTestExecutionListener, org.springframework.test.context.jdbc.SqlScriptsTestExecutionListener]
14:56:20.212 [main] DEBUG org.springframework.boot.test.context.SpringBootTestContextBootstrapper - Skipping candidate TestExecutionListener [org.springframework.test.context.web.ServletTestExecutionListener] due to a missing dependency. Specify custom listener classes or make the default listener classes and their required dependencies available. Offending class: [javax/servlet/ServletContext]
14:56:20.223 [main] DEBUG org.springframework.boot.test.context.SpringBootTestContextBootstrapper - Skipping candidate TestExecutionListener [org.springframework.test.context.transaction.TransactionalTestExecutionListener] due to a missing dependency. Specify custom listener classes or make the default listener classes and their required dependencies available. Offending class: [org/springframework/transaction/interceptor/TransactionAttributeSource]
14:56:20.224 [main] DEBUG org.springframework.boot.test.context.SpringBootTestContextBootstrapper - Skipping candidate TestExecutionListener [org.springframework.test.context.jdbc.SqlScriptsTestExecutionListener] due to a missing dependency. Specify custom listener classes or make the default listener classes and their required dependencies available. Offending class: [org/springframework/transaction/interceptor/TransactionAttribute]
14:56:20.225 [main] INFO org.springframework.boot.test.context.SpringBootTestContextBootstrapper - Using TestExecutionListeners: [org.springframework.test.context.support.DirtiesContextBeforeModesTestExecutionListener@5fdcaa40, org.springframework.boot.test.mock.mockito.MockitoTestExecutionListener@6dc17b83, org.springframework.boot.test.autoconfigure.SpringBootDependencyInjectionTestExecutionListener@5e0826e7, org.springframework.test.context.support.DirtiesContextTestExecutionListener@32eff876, org.springframework.boot.test.mock.mockito.ResetMocksTestExecutionListener@8dbdac1, org.springframework.boot.test.autoconfigure.restdocs.RestDocsTestExecutionListener@6e20b53a, org.springframework.boot.test.autoconfigure.web.client.MockRestServiceServerResetTestExecutionListener@71809907, org.springframework.boot.test.autoconfigure.web.servlet.MockMvcPrintOnlyOnFailureTestExecutionListener@3ce1e309, org.springframework.boot.test.autoconfigure.web.servlet.WebDriverTestExecutionListener@6aba2b86]
14:56:20.228 [main] DEBUG org.springframework.test.annotation.ProfileValueUtils - Retrieved @ProfileValueSourceConfiguration [null] for test class [com.wuhaozz.ApplicationTests]
14:56:20.228 [main] DEBUG org.springframework.test.annotation.ProfileValueUtils - Retrieved ProfileValueSource type [class org.springframework.test.annotation.SystemProfileValueSource] for class [com.wuhaozz.ApplicationTests]14:56:20.244 [main] DEBUG org.springframework.test.annotation.ProfileValueUtils - Retrieved @ProfileValueSourceConfiguration [null] for test class [com.wuhaozz.ApplicationTests]
14:56:20.244 [main] DEBUG org.springframework.test.annotation.ProfileValueUtils - Retrieved ProfileValueSource type [class org.springframework.test.annotation.SystemProfileValueSource] for class [com.wuhaozz.ApplicationTests]14:56:20.246 [main] DEBUG org.springframework.test.annotation.ProfileValueUtils - Retrieved @ProfileValueSourceConfiguration [null] for test class [com.wuhaozz.ApplicationTests]
14:56:20.246 [main] DEBUG org.springframework.test.annotation.ProfileValueUtils - Retrieved ProfileValueSource type [class org.springframework.test.annotation.SystemProfileValueSource] for class [com.wuhaozz.ApplicationTests]
14:56:20.247 [main] DEBUG org.springframework.test.annotation.ProfileValueUtils - Retrieved @ProfileValueSourceConfiguration [null] for test class [com.wuhaozz.ApplicationTests]
14:56:20.247 [main] DEBUG org.springframework.test.annotation.ProfileValueUtils - Retrieved ProfileValueSource type [class org.springframework.test.annotation.SystemProfileValueSource] for class [com.wuhaozz.ApplicationTests]
14:56:20.252 [main] DEBUG org.springframework.test.context.support.AbstractDirtiesContextTestExecutionListener - Before test class: context [DefaultTestContext@3a93b025 testClass = ApplicationTests, testInstance = [null], testMethod = [null], testException = [null], mergedContextConfiguration = [MergedContextConfiguration@35cabb2a testClass = ApplicationTests, locations = &amp;#39;{}&amp;#39;, classes = &amp;#39;{class com.wuhaozz.Application}&amp;#39;, contextInitializerClasses = &amp;#39;[]&amp;#39;, activeProfiles = &amp;#39;{}&amp;#39;, propertySourceLocations = &amp;#39;{}&amp;#39;, propertySourceProperties = &amp;#39;{org.springframework.boot.test.context.SpringBootTestContextBootstrapper=true}&amp;#39;, contextCustomizers = set[org.springframework.boot.test.context.filter.ExcludeFilterContextCustomizer@59e5ddf, org.springframework.boot.test.json.DuplicateJsonObjectContextCustomizerFactory$DuplicateJsonObjectContextCustomizer@1f57539, org.springframework.boot.test.mock.mockito.MockitoContextCustomizer@0, org.springframework.boot.test.web.client.TestRestTemplateContextCustomizer@2a556333, org.springframework.boot.test.autoconfigure.properties.PropertyMappingContextCustomizer@0, org.springframework.boot.test.autoconfigure.web.servlet.WebDriverContextCustomizerFactory$Customizer@2c039ac6], contextLoader = &amp;#39;org.springframework.boot.test.context.SpringBootContextLoader&amp;#39;, parent = [null]], attributes = map[[empty]]], class annotated with @DirtiesContext [false] with mode [null].
14:56:20.253 [main] DEBUG org.springframework.test.annotation.ProfileValueUtils - Retrieved @ProfileValueSourceConfiguration [null] for test class [com.wuhaozz.ApplicationTests]
14:56:20.253 [main] DEBUG org.springframework.test.annotation.ProfileValueUtils - Retrieved ProfileValueSource type [class org.springframework.test.annotation.SystemProfileValueSource] for class [com.wuhaozz.ApplicationTests]
14:56:20.263 [main] DEBUG org.springframework.test.context.support.DependencyInjectionTestExecutionListener - Performing dependency injection for test context [[DefaultTestContext@3a93b025 testClass = ApplicationTests, testInstance = com.wuhaozz.ApplicationTests@4ec4f3a0, testMethod = [null], testException = [null], mergedContextConfiguration = [MergedContextConfiguration@35cabb2a testClass = ApplicationTests, locations = &amp;#39;{}&amp;#39;, classes = &amp;#39;{class com.wuhaozz.Application}&amp;#39;, contextInitializerClasses = &amp;#39;[]&amp;#39;, activeProfiles = &amp;#39;{}&amp;#39;, propertySourceLocations = &amp;#39;{}&amp;#39;, propertySourceProperties = &amp;#39;{org.springframework.boot.test.context.SpringBootTestContextBootstrapper=true}&amp;#39;, contextCustomizers = set[org.springframework.boot.test.context.filter.ExcludeFilterContextCustomizer@59e5ddf, org.springframework.boot.test.json.DuplicateJsonObjectContextCustomizerFactory$DuplicateJsonObjectContextCustomizer@1f57539, org.springframework.boot.test.mock.mockito.MockitoContextCustomizer@0, org.springframework.boot.test.web.client.TestRestTemplateContextCustomizer@2a556333, org.springframework.boot.test.autoconfigure.properties.PropertyMappingContextCustomizer@0, org.springframework.boot.test.autoconfigure.web.servlet.WebDriverContextCustomizerFactory$Customizer@2c039ac6], contextLoader = &amp;#39;org.springframework.boot.test.context.SpringBootContextLoader&amp;#39;, parent = [null]], attributes = map[[empty]]]].
14:56:20.351 [main] DEBUG org.springframework.core.env.StandardEnvironment - Adding PropertySource &amp;#39;systemProperties&amp;#39; with lowest search precedence
14:56:20.351 [main] DEBUG org.springframework.core.env.StandardEnvironment - Adding PropertySource &amp;#39;systemEnvironment&amp;#39; with lowest search precedence
14:56:20.352 [main] DEBUG org.springframework.core.env.StandardEnvironment - Initialized StandardEnvironment with PropertySources [MapPropertySource@758348212 {name=&amp;#39;systemProperties&amp;#39;, properties={java.runtime.name=Java(TM) SE Runtime Environment, sun.boot.library.path=D:\Java\jdk1.8.0_60\jre\bin, java.vm.version=25.60-b23, java.vm.vendor=Oracle Corporation, java.vendor.url=http://java.oracle.com/, path.separator=;, java.vm.name=Java HotSpot(TM) 64-Bit Server VM, file.encoding.pkg=sun.io, user.country=CN, user.script=, sun.java.launcher=SUN_STANDARD, sun.os.patch.level=, java.vm.specification.name=Java Virtual Machine Specification, user.dir=D:\Work\IdeaProjects\SpringBootLearning\Chapter4-5-1, java.runtime.version=1.8.0_60-b27, java.awt.graphicsenv=sun.awt.Win32GraphicsEnvironment, java.endorsed.dirs=D:\Java\jdk1.8.0_60\jre\lib\endorsed, os.arch=amd64, java.io.tmpdir=C:\Users\sky\AppData\Local\Temp\, line.separator=
, java.vm.specification.vendor=Oracle Corporation, user.variant=, os.name=Windows 10, sun.jnu.encoding=GBK, java.library.path=D:\Java\jdk1.8.0_60\bin;C:\WINDOWS\Sun\Java\bin;C:\WINDOWS\system32;C:\WINDOWS;C:\ProgramData\Oracle\Java\javapath;D:\oracle\wuhaozz\product\instantclient_11_2;D:\oracle\wuhaozz\OraHome_1;D:\Java\jdk1.8.0_60\bin;D:\Java\jdk1.8.0_60\jre\bin;C:\WINDOWS\system32;C:\WINDOWS;C:\WINDOWS\System32\Wbem;C:\WINDOWS\System32\WindowsPowerShell\v1.0\;D:\Microsoft SQL Server (x86)\110\Tools\Binn\;D:\Microsoft SQL Server\110\Tools\Binn\;D:\Microsoft SQL Server\110\DTS\Binn\;D:\Microsoft SQL Server (x86)\110\Tools\Binn\ManagementStudio\;C:\Program Files (x86)\Microsoft Visual Studio 10.0\Common7\IDE\PrivateAssemblies\;D:\Microsoft SQL Server (x86)\110\DTS\Binn\;D:\MySQL\MySQL Server 5.7\bin;C:\Program Files (x86)\NVIDIA Corporation\PhysX\Common;D:\TortoiseSVN\bin;D:\Work\Git\cmd;C:\Program Files\MySQL\MySQL Utilities 1.6\;E:\Microsoft VS Code\bin;C:\Users\sky\AppData\Local\GitHubDesktop\bin;., java.specification.name=Java Platform API Specification, java.class.version=52.0, sun.management.compiler=HotSpot 64-Bit Tiered Compilers, os.version=10.0, user.home=C:\Users\sky, user.timezone=Asia/Shanghai, java.awt.printerjob=sun.awt.windows.WPrinterJob, file.encoding=UTF-8, java.specification.version=1.8, java.class.path=D:\Work\JetBrains\IntelliJ IDEA 2017.3.3\lib\idea_rt.jar;D:\Work\JetBrains\IntelliJ IDEA 2017.3.3\plugins\junit\lib\junit-rt.jar;D:\Work\JetBrains\IntelliJ IDEA 2017.3.3\plugins\junit\lib\junit5-rt.jar;D:\Java\jdk1.8.0_60\jre\lib\charsets.jar;D:\Java\jdk1.8.0_60\jre\lib\deploy.jar;D:\Java\jdk1.8.0_60\jre\lib\ext\access-bridge-64.jar;D:\Java\jdk1.8.0_60\jre\lib\ext\cldrdata.jar;D:\Java\jdk1.8.0_60\jre\lib\ext\dnsns.jar;D:\Java\jdk1.8.0_60\jre\lib\ext\jaccess.jar;D:\Java\jdk1.8.0_60\jre\lib\ext\jfxrt.jar;D:\Java\jdk1.8.0_60\jre\lib\ext\localedata.jar;D:\Java\jdk1.8.0_60\jre\lib\ext\nashorn.jar;D:\Java\jdk1.8.0_60\jre\lib\ext\sunec.jar;D:\Java\jdk1.8.0_60\jre\lib\ext\sunjce_provider.jar;D:\Java\jdk1.8.0_60\jre\lib\ext\sunmscapi.jar;D:\Java\jdk1.8.0_60\jre\lib\ext\sunpkcs11.jar;D:\Java\jdk1.8.0_60\jre\lib\ext\zipfs.jar;D:\Java\jdk1.8.0_60\jre\lib\javaws.jar;D:\Java\jdk1.8.0_60\jre\lib\jce.jar;D:\Java\jdk1.8.0_60\jre\lib\jfr.jar;D:\Java\jdk1.8.0_60\jre\lib\jfxswt.jar;D:\Java\jdk1.8.0_60\jre\lib\jsse.jar;D:\Java\jdk1.8.0_60\jre\lib\management-agent.jar;D:\Java\jdk1.8.0_60\jre\lib\plugin.jar;D:\Java\jdk1.8.0_60\jre\lib\resources.jar;D:\Java\jdk1.8.0_60\jre\lib\rt.jar;D:\Work\IdeaProjects\SpringBootLearning\Chapter4-5-1\target\test-classes;D:\Work\IdeaProjects\SpringBootLearning\Chapter4-5-1\target\classes;D:\Java\repository\org\springframework\boot\spring-boot-starter\2.0.1.RELEASE\spring-boot-starter-2.0.1.RELEASE.jar;D:\Java\repository\org\springframework\boot\spring-boot\2.0.1.RELEASE\spring-boot-2.0.1.RELEASE.jar;D:\Java\repository\org\springframework\boot\spring-boot-autoconfigure\2.0.1.RELEASE\spring-boot-autoconfigure-2.0.1.RELEASE.jar;D:\Java\repository\org\springframework\boot\spring-boot-starter-logging\2.0.1.RELEASE\spring-boot-starter-logging-2.0.1.RELEASE.jar;D:\Java\repository\ch\qos\logback\logback-classic\1.2.3\logback-classic-1.2.3.jar;D:\Java\repository\ch\qos\logback\logback-core\1.2.3\logback-core-1.2.3.jar;D:\Java\repository\org\apache\logging\log4j\log4j-to-slf4j\2.10.0\log4j-to-slf4j-2.10.0.jar;D:\Java\repository\org\apache\logging\log4j\log4j-api\2.10.0\log4j-api-2.10.0.jar;D:\Java\repository\org\slf4j\jul-to-slf4j\1.7.25\jul-to-slf4j-1.7.25.jar;D:\Java\repository\javax\annotation\javax.annotation-api\1.3.2\javax.annotation-api-1.3.2.jar;D:\Java\repository\org\springframework\spring-core\5.0.5.RELEASE\spring-core-5.0.5.RELEASE.jar;D:\Java\repository\org\springframework\spring-jcl\5.0.5.RELEASE\spring-jcl-5.0.5.RELEASE.jar;D:\Java\repository\org\yaml\snakeyaml\1.19\snakeyaml-1.19.jar;D:\Java\repository\org\springframework\boot\spring-boot-starter-mail\2.0.1.RELEASE\spring-boot-starter-mail-2.0.1.RELEASE.jar;D:\Java\repository\org\springframework\spring-context\5.0.5.RELEASE\spring-context-5.0.5.RELEASE.jar;D:\Java\repository\org\springframework\spring-aop\5.0.5.RELEASE\spring-aop-5.0.5.RELEASE.jar;D:\Java\repository\org\springframework\spring-beans\5.0.5.RELEASE\spring-beans-5.0.5.RELEASE.jar;D:\Java\repository\org\springframework\spring-expression\5.0.5.RELEASE\spring-expression-5.0.5.RELEASE.jar;D:\Java\repository\org\springframework\spring-context-support\5.0.5.RELEASE\spring-context-support-5.0.5.RELEASE.jar;D:\Java\repository\com\sun\mail\javax.mail\1.6.1\javax.mail-1.6.1.jar;D:\Java\repository\javax\activation\activation\1.1\activation-1.1.jar;D:\Java\repository\org\springframework\boot\spring-boot-starter-test\2.0.1.RELEASE\spring-boot-starter-test-2.0.1.RELEASE.jar;D:\Java\repository\org\springframework\boot\spring-boot-test\2.0.1.RELEASE\spring-boot-test-2.0.1.RELEASE.jar;D:\Java\repository\org\springframework\boot\spring-boot-test-autoconfigure\2.0.1.RELEASE\spring-boot-test-autoconfigure-2.0.1.RELEASE.jar;D:\Java\repository\com\jayway\jsonpath\json-path\2.4.0\json-path-2.4.0.jar;D:\Java\repository\net\minidev\json-smart\2.3\json-smart-2.3.jar;D:\Java\repository\net\minidev\accessors-smart\1.2\accessors-smart-1.2.jar;D:\Java\repository\org\ow2\asm\asm\5.0.4\asm-5.0.4.jar;D:\Java\repository\org\slf4j\slf4j-api\1.7.25\slf4j-api-1.7.25.jar;D:\Java\repository\junit\junit\4.12\junit-4.12.jar;D:\Java\repository\org\assertj\assertj-core\3.9.1\assertj-core-3.9.1.jar;D:\Java\repository\org\mockito\mockito-core\2.15.0\mockito-core-2.15.0.jar;D:\Java\repository\net\bytebuddy\byte-buddy\1.7.11\byte-buddy-1.7.11.jar;D:\Java\repository\net\bytebuddy\byte-buddy-agent\1.7.11\byte-buddy-agent-1.7.11.jar;D:\Java\repository\org\objenesis\objenesis\2.6\objenesis-2.6.jar;D:\Java\repository\org\hamcrest\hamcrest-core\1.3\hamcrest-core-1.3.jar;D:\Java\repository\org\hamcrest\hamcrest-library\1.3\hamcrest-library-1.3.jar;D:\Java\repository\org\skyscreamer\jsonassert\1.5.0\jsonassert-1.5.0.jar;D:\Java\repository\com\vaadin\external\google\android-json\0.0.20131108.vaadin1\android-json-0.0.20131108.vaadin1.jar;D:\Java\repository\org\springframework\spring-test\5.0.5.RELEASE\spring-test-5.0.5.RELEASE.jar;D:\Java\repository\org\xmlunit\xmlunit-core\2.5.1\xmlunit-core-2.5.1.jar;D:\Work\JetBrains\IntelliJ IDEA 2017.3.3\lib\idea_rt.jar, user.name=wuhaozz, java.vm.specification.version=1.8, sun.java.command=com.intellij.rt.execution.junit.JUnitStarter -ideVersion5 com.wuhaozz.ApplicationTests,sendSimpleMail, java.home=D:\Java\jdk1.8.0_60\jre, sun.arch.data.model=64, user.language=zh, java.specification.vendor=Oracle Corporation, awt.toolkit=sun.awt.windows.WToolkit, java.vm.info=mixed mode, java.version=1.8.0_60, java.ext.dirs=D:\Java\jdk1.8.0_60\jre\lib\ext;C:\WINDOWS\Sun\Java\lib\ext, sun.boot.class.path=D:\Java\jdk1.8.0_60\jre\lib\resources.jar;D:\Java\jdk1.8.0_60\jre\lib\rt.jar;D:\Java\jdk1.8.0_60\jre\lib\sunrsasign.jar;D:\Java\jdk1.8.0_60\jre\lib\jsse.jar;D:\Java\jdk1.8.0_60\jre\lib\jce.jar;D:\Java\jdk1.8.0_60\jre\lib\charsets.jar;D:\Java\jdk1.8.0_60\jre\lib\jfr.jar;D:\Java\jdk1.8.0_60\jre\classes, java.vendor=Oracle Corporation, file.separator=\, java.vendor.url.bug=http://bugreport.sun.com/bugreport/, idea.test.cyclic.buffer.size=1048576, sun.io.unicode.encoding=UnicodeLittle, sun.cpu.endian=little, sun.desktop=windows, sun.cpu.isalist=amd64}}, SystemEnvironmentPropertySource@817978763 {name=&amp;#39;systemEnvironment&amp;#39;, properties={USERDOMAIN_ROAMINGPROFILE=WUHAO-PC, LOCALAPPDATA=C:\Users\sky\AppData\Local, PROCESSOR_LEVEL=6, FP_NO_HOST_CHECK=NO, USERDOMAIN=WUHAO-PC, FPS_BROWSER_APP_PROFILE_STRING=Internet Explorer, LOGONSERVER=\\WUHAO-PC, JAVA_HOME=D:\Java\jdk1.8.0_60, SESSIONNAME=Console, ALLUSERSPROFILE=C:\ProgramData, PROCESSOR_ARCHITECTURE=AMD64, TNS_ADMIN=D:\oracle\wuhaozz\product\instantclient_11_2;, PSModulePath=C:\WINDOWS\system32\WindowsPowerShell\v1.0\Modules\;D:\Microsoft SQL Server (x86)\110\Tools\PowerShell\Modules\, SystemDrive=C:, asl.log=Destination=file, APPDATA=C:\Users\sky\AppData\Roaming, USERNAME=wuhaozz, ProgramFiles(x86)=C:\Program Files (x86), VBOX_MSI_INSTALL_PATH=D:\Work\Oracle\VirtualBox\, CommonProgramFiles=C:\Program Files\Common Files, Path=C:\ProgramData\Oracle\Java\javapath;D:\oracle\wuhaozz\product\instantclient_11_2;D:\oracle\wuhaozz\OraHome_1;D:\Java\jdk1.8.0_60\bin;D:\Java\jdk1.8.0_60\jre\bin;C:\WINDOWS\system32;C:\WINDOWS;C:\WINDOWS\System32\Wbem;C:\WINDOWS\System32\WindowsPowerShell\v1.0\;D:\Microsoft SQL Server (x86)\110\Tools\Binn\;D:\Microsoft SQL Server\110\Tools\Binn\;D:\Microsoft SQL Server\110\DTS\Binn\;D:\Microsoft SQL Server (x86)\110\Tools\Binn\ManagementStudio\;C:\Program Files (x86)\Microsoft Visual Studio 10.0\Common7\IDE\PrivateAssemblies\;D:\Microsoft SQL Server (x86)\110\DTS\Binn\;D:\MySQL\MySQL Server 5.7\bin;C:\Program Files (x86)\NVIDIA Corporation\PhysX\Common;D:\TortoiseSVN\bin;D:\Work\Git\cmd;C:\Program Files\MySQL\MySQL Utilities 1.6\;E:\Microsoft VS Code\bin;C:\Users\sky\AppData\Local\GitHubDesktop\bin, FPS_BROWSER_USER_PROFILE_STRING=Default, PATHEXT=.COM;.EXE;.BAT;.CMD;.VBS;.VBE;.JS;.JSE;.WSF;.WSH;.MSC, OS=Windows_NT, COMPUTERNAME=WUHAO-PC, PROCESSOR_REVISION=3c03, CLASSPATH=.;D:\Java\jdk1.8.0_60\lib;D:\Java\jdk1.8.0_60\lib\tools.jar, CommonProgramW6432=C:\Program Files\Common Files, NLS_LANG=SIMPLIFIED CHINESE_CHINA.ZHS16GBK, ComSpec=C:\WINDOWS\system32\cmd.exe, ProgramData=C:\ProgramData, ProgramW6432=C:\Program Files, HOMEPATH=\Users\sky, SystemRoot=C:\WINDOWS, TEMP=C:\Users\sky\AppData\Local\Temp, #envTSLOGSHELLEXT13792=172782048, HOMEDRIVE=C:, PROCESSOR_IDENTIFIER=Intel64 Family 6 Model 60 Stepping 3, GenuineIntel, USERPROFILE=C:\Users\sky, TMP=C:\Users\sky\AppData\Local\Temp, CommonProgramFiles(x86)=C:\Program Files (x86)\Common Files, ProgramFiles=C:\Program Files, PUBLIC=C:\Users\Public, NUMBER_OF_PROCESSORS=4, windir=C:\WINDOWS, =::=::\}}]
14:56:20.360 [main] DEBUG org.springframework.test.context.support.TestPropertySourceUtils - Adding inlined properties to environment: {spring.jmx.enabled=false, org.springframework.boot.test.context.SpringBootTestContextBootstrapper=true, server.port=-1}
14:56:20.360 [main] DEBUG org.springframework.core.env.StandardEnvironment - Adding PropertySource &amp;#39;Inlined Test Properties&amp;#39; with highest search precedence
  .   ____          _            __ _ _
 /\\ / ___&amp;#39;_ __ _ _(_)_ __  __ _ \ \ \ \
( ( )\___ | &amp;#39;_ | &amp;#39;_| | &amp;#39;_ \/ _` | \ \ \ \
 \\/  ___)| |_)| | | | | || (_| |  ) ) ) )
  &amp;#39;  |____| .__|_| |_|_| |_\__, | / / / /
 =========|_|==============|___/=/_/_/_/
 :: Spring Boot ::        (v2.0.1.RELEASE)
2018-04-27 14:56:20.906  INFO 24932 --- [           main] com.wuhaozz.ApplicationTests             : Starting ApplicationTests on wuhao-PC with PID 24932 (started by wuhaozz in D:\Work\IdeaProjects\SpringBootLearning\Chapter4-5-1)
2018-04-27 14:56:20.908  INFO 24932 --- [           main] com.wuhaozz.ApplicationTests             : No active profile set, falling back to default profiles: default
2018-04-27 14:56:20.960  INFO 24932 --- [           main] s.c.a.AnnotationConfigApplicationContext : Refreshing org.springframework.context.annotation.AnnotationConfigApplicationContext@58695725: startup date [Fri Apr 27 14:56:20 CST 2018]; root of context hierarchy
2018-04-27 14:56:21.970  INFO 24932 --- [           main] com.wuhaozz.ApplicationTests             : Started ApplicationTests in 1.609 seconds (JVM running for 3.265)
2018-04-27 14:56:23.282  INFO 24932 --- [       Thread-2] s.c.a.AnnotationConfigApplicationContext : Closing org.springframework.context.annotation.AnnotationConfigApplicationContext@58695725: startup date [Fri Apr 27 14:56:20 CST 2018]; root of context hierarchy
</output>
        <output type="stdout">Process finished with exit code -1
</output>
    </root>
    <test duration="1304" locationUrl="java:test://com.wuhaozz.ApplicationTests.sendSimpleMail" name="ApplicationTests.sendSimpleMail" status="error">
        <output type="stderr">org.springframework.mail.MailAuthenticationException: Authentication failed; nested exception is javax.mail.AuthenticationFailedException: 535 Error: ?????????¡§?????????¨º?¨¦????: http://service.mail.qq.com/cgi-bin/help?subtype=1&amp;amp;&amp;amp;id=28&amp;amp;&amp;amp;no=1001256
&#13;
	at org.springframework.mail.javamail.JavaMailSenderImpl.doSend(JavaMailSenderImpl.java:438)&#13;
	at org.springframework.mail.javamail.JavaMailSenderImpl.send(JavaMailSenderImpl.java:321)&#13;
	at org.springframework.mail.javamail.JavaMailSenderImpl.send(JavaMailSenderImpl.java:310)&#13;
	at com.wuhaozz.ApplicationTests.sendSimpleMail(ApplicationTests.java:25)&#13;
	at sun.reflect.NativeMethodAccessorImpl.invoke0(Native Method)&#13;
	at sun.reflect.NativeMethodAccessorImpl.invoke(NativeMethodAccessorImpl.java:62)&#13;
	at sun.reflect.DelegatingMethodAccessorImpl.invoke(DelegatingMethodAccessorImpl.java:43)&#13;
	at java.lang.reflect.Method.invoke(Method.java:497)&#13;
	at org.junit.runners.model.FrameworkMethod$1.runReflectiveCall(FrameworkMethod.java:50)&#13;
	at org.junit.internal.runners.model.ReflectiveCallable.run(ReflectiveCallable.java:12)&#13;
	at org.junit.runners.model.FrameworkMethod.invokeExplosively(FrameworkMethod.java:47)&#13;
	at org.junit.internal.runners.statements.InvokeMethod.evaluate(InvokeMethod.java:17)&#13;
	at org.springframework.test.context.junit4.statements.RunBeforeTestExecutionCallbacks.evaluate(RunBeforeTestExecutionCallbacks.java:73)&#13;
	at org.springframework.test.context.junit4.statements.RunAfterTestExecutionCallbacks.evaluate(RunAfterTestExecutionCallbacks.java:83)&#13;
	at org.springframework.test.context.junit4.statements.RunBeforeTestMethodCallbacks.evaluate(RunBeforeTestMethodCallbacks.java:75)&#13;
	at org.springframework.test.context.junit4.statements.RunAfterTestMethodCallbacks.evaluate(RunAfterTestMethodCallbacks.java:86)&#13;
	at org.springframework.test.context.junit4.statements.SpringRepeat.evaluate(SpringRepeat.java:84)&#13;
	at org.junit.runners.ParentRunner.runLeaf(ParentRunner.java:325)&#13;
	at org.springframework.test.context.junit4.SpringJUnit4ClassRunner.runChild(SpringJUnit4ClassRunner.java:251)&#13;
	at org.springframework.test.context.junit4.SpringJUnit4ClassRunner.runChild(SpringJUnit4ClassRunner.java:97)&#13;
	at org.junit.runners.ParentRunner$3.run(ParentRunner.java:290)&#13;
	at org.junit.runners.ParentRunner$1.schedule(ParentRunner.java:71)&#13;
	at org.junit.runners.ParentRunner.runChildren(ParentRunner.java:288)&#13;
	at org.junit.runners.ParentRunner.access$000(ParentRunner.java:58)&#13;
	at org.junit.runners.ParentRunner$2.evaluate(ParentRunner.java:268)&#13;
	at org.springframework.test.context.junit4.statements.RunBeforeTestClassCallbacks.evaluate(RunBeforeTestClassCallbacks.java:61)&#13;
	at org.springframework.test.context.junit4.statements.RunAfterTestClassCallbacks.evaluate(RunAfterTestClassCallbacks.java:70)&#13;
	at org.junit.runners.ParentRunner.run(ParentRunner.java:363)&#13;
	at org.springframework.test.context.junit4.SpringJUnit4ClassRunner.run(SpringJUnit4ClassRunner.java:190)&#13;
	at org.junit.runner.JUnitCore.run(JUnitCore.java:137)&#13;
	at com.intellij.junit4.JUnit4IdeaTestRunner.startRunnerWithArgs(JUnit4IdeaTestRunner.java:68)&#13;
	at com.intellij.rt.execution.junit.IdeaTestRunner$Repeater.startRunnerWithArgs(IdeaTestRunner.java:47)&#13;
	at com.intellij.rt.execution.junit.JUnitStarter.prepareStreamsAndStart(JUnitStarter.java:242)&#13;
	at com.intellij.rt.execution.junit.JUnitStarter.main(JUnitStarter.java:70)&#13;
Caused by: javax.mail.AuthenticationFailedException: 535 Error: ?????????¡§?????????¨º?¨¦????: http://service.mail.qq.com/cgi-bin/help?subtype=1&amp;amp;&amp;amp;id=28&amp;amp;&amp;amp;no=1001256
&#13;
	at com.sun.mail.smtp.SMTPTransport$Authenticator.authenticate(SMTPTransport.java:965)&#13;
	at com.sun.mail.smtp.SMTPTransport.authenticate(SMTPTransport.java:876)&#13;
	at com.sun.mail.smtp.SMTPTransport.protocolConnect(SMTPTransport.java:780)&#13;
	at javax.mail.Service.connect(Service.java:366)&#13;
	at org.springframework.mail.javamail.JavaMailSenderImpl.connectTransport(JavaMailSenderImpl.java:515)&#13;
	at org.springframework.mail.javamail.JavaMailSenderImpl.doSend(JavaMailSenderImpl.java:435)&#13;
	... 33 more&#13;
</output>
    </test>
</testrun>
